{"/Users/admin/AllRecipes/src/components/RecipeCard.css": {"path":"/Users/admin/AllRecipes/src/components/RecipeCard.css","statementMap":{},"fnMap":{},"branchMap":{},"s":{},"f":{},"b":{},"meta":{"lastBranch":0,"lastFunction":0,"lastStatement":0,"seen":{}}}
,"/Users/admin/AllRecipes/src/components/RecipeCard.jsx": {"path":"/Users/admin/AllRecipes/src/components/RecipeCard.jsx","statementMap":{"0":{"start":{"line":4,"column":19},"end":{"line":14,"column":null}},"1":{"start":{"line":5,"column":4},"end":{"line":12,"column":null}}},"fnMap":{"0":{"name":"(anonymous_0)","decl":{"start":{"line":4,"column":19},"end":{"line":4,"column":20}},"loc":{"start":{"line":4,"column":31},"end":{"line":14,"column":null}},"line":4}},"branchMap":{},"s":{"0":1,"1":1},"f":{"0":1},"b":{},"meta":{"lastBranch":0,"lastFunction":1,"lastStatement":2,"seen":{"s:4:19:14:Infinity":0,"f:4:19:4:20":0,"s:5:4:12:Infinity":1}}}
,"/Users/admin/AllRecipes/src/pages/RecentlyViewed.css": {"path":"/Users/admin/AllRecipes/src/pages/RecentlyViewed.css","statementMap":{},"fnMap":{},"branchMap":{},"s":{},"f":{},"b":{},"meta":{"lastBranch":0,"lastFunction":0,"lastStatement":0,"seen":{}}}
,"/Users/admin/AllRecipes/src/pages/RecentlyViewed.jsx": {"path":"/Users/admin/AllRecipes/src/pages/RecentlyViewed.jsx","statementMap":{"0":{"start":{"line":8,"column":23},"end":{"line":119,"column":null}},"1":{"start":{"line":9,"column":30},"end":{"line":9,"column":null}},"2":{"start":{"line":10,"column":30},"end":{"line":10,"column":null}},"3":{"start":{"line":11,"column":26},"end":{"line":11,"column":null}},"4":{"start":{"line":12,"column":20},"end":{"line":12,"column":null}},"5":{"start":{"line":14,"column":35},"end":{"line":21,"column":null}},"6":{"start":{"line":15,"column":20},"end":{"line":15,"column":null}},"7":{"start":{"line":16,"column":8},"end":{"line":16,"column":null}},"8":{"start":{"line":16,"column":18},"end":{"line":16,"column":null}},"9":{"start":{"line":18,"column":20},"end":{"line":18,"column":null}},"10":{"start":{"line":18,"column":47},"end":{"line":18,"column":56}},"11":{"start":{"line":19,"column":30},"end":{"line":19,"column":null}},"12":{"start":{"line":19,"column":52},"end":{"line":19,"column":73}},"13":{"start":{"line":20,"column":8},"end":{"line":20,"column":null}},"14":{"start":{"line":23,"column":31},"end":{"line":26,"column":null}},"15":{"start":{"line":24,"column":20},"end":{"line":24,"column":null}},"16":{"start":{"line":25,"column":8},"end":{"line":25,"column":null}},"17":{"start":{"line":34,"column":31},"end":{"line":75,"column":null}},"18":{"start":{"line":35,"column":8},"end":{"line":35,"column":null}},"19":{"start":{"line":36,"column":8},"end":{"line":36,"column":null}},"20":{"start":{"line":38,"column":20},"end":{"line":38,"column":null}},"21":{"start":{"line":39,"column":8},"end":{"line":43,"column":null}},"22":{"start":{"line":40,"column":12},"end":{"line":40,"column":null}},"23":{"start":{"line":41,"column":12},"end":{"line":41,"column":null}},"24":{"start":{"line":42,"column":12},"end":{"line":42,"column":null}},"25":{"start":{"line":45,"column":8},"end":{"line":50,"column":null}},"26":{"start":{"line":46,"column":12},"end":{"line":46,"column":null}},"27":{"start":{"line":47,"column":12},"end":{"line":47,"column":null}},"28":{"start":{"line":48,"column":12},"end":{"line":48,"column":null}},"29":{"start":{"line":49,"column":12},"end":{"line":49,"column":null}},"30":{"start":{"line":52,"column":8},"end":{"line":74,"column":null}},"31":{"start":{"line":53,"column":30},"end":{"line":53,"column":null}},"32":{"start":{"line":54,"column":27},"end":{"line":66,"column":null}},"33":{"start":{"line":56,"column":20},"end":{"line":64,"column":null}},"34":{"start":{"line":57,"column":36},"end":{"line":59,"column":null}},"35":{"start":{"line":60,"column":24},"end":{"line":60,"column":null}},"36":{"start":{"line":60,"column":37},"end":{"line":60,"column":null}},"37":{"start":{"line":61,"column":24},"end":{"line":61,"column":null}},"38":{"start":{"line":63,"column":24},"end":{"line":63,"column":null}},"39":{"start":{"line":68,"column":12},"end":{"line":68,"column":null}},"40":{"start":{"line":70,"column":12},"end":{"line":70,"column":null}},"41":{"start":{"line":71,"column":12},"end":{"line":71,"column":null}},"42":{"start":{"line":73,"column":12},"end":{"line":73,"column":null}},"43":{"start":{"line":77,"column":4},"end":{"line":79,"column":null}},"44":{"start":{"line":78,"column":8},"end":{"line":78,"column":null}},"45":{"start":{"line":81,"column":4},"end":{"line":117,"column":null}},"46":{"start":{"line":102,"column":24},"end":{"line":102,"column":null}},"47":{"start":{"line":108,"column":24},"end":{"line":108,"column":null}}},"fnMap":{"0":{"name":"(anonymous_0)","decl":{"start":{"line":8,"column":23},"end":{"line":8,"column":29}},"loc":{"start":{"line":8,"column":29},"end":{"line":119,"column":null}},"line":8},"1":{"name":"(anonymous_1)","decl":{"start":{"line":14,"column":35},"end":{"line":14,"column":41}},"loc":{"start":{"line":14,"column":41},"end":{"line":21,"column":null}},"line":14},"2":{"name":"(anonymous_2)","decl":{"start":{"line":18,"column":39},"end":{"line":18,"column":40}},"loc":{"start":{"line":18,"column":47},"end":{"line":18,"column":56}},"line":18},"3":{"name":"(anonymous_3)","decl":{"start":{"line":19,"column":41},"end":{"line":19,"column":42}},"loc":{"start":{"line":19,"column":52},"end":{"line":19,"column":73}},"line":19},"4":{"name":"(anonymous_4)","decl":{"start":{"line":23,"column":31},"end":{"line":23,"column":32}},"loc":{"start":{"line":23,"column":42},"end":{"line":26,"column":null}},"line":23},"5":{"name":"(anonymous_5)","decl":{"start":{"line":34,"column":31},"end":{"line":34,"column":43}},"loc":{"start":{"line":34,"column":43},"end":{"line":75,"column":null}},"line":34},"6":{"name":"(anonymous_6)","decl":{"start":{"line":55,"column":30},"end":{"line":55,"column":37}},"loc":{"start":{"line":55,"column":44},"end":{"line":65,"column":17}},"line":55},"7":{"name":"(anonymous_7)","decl":{"start":{"line":77,"column":14},"end":{"line":77,"column":20}},"loc":{"start":{"line":77,"column":20},"end":{"line":79,"column":7}},"line":77},"8":{"name":"(anonymous_8)","decl":{"start":{"line":101,"column":39},"end":{"line":101,"column":40}},"loc":{"start":{"line":102,"column":24},"end":{"line":102,"column":null}},"line":102},"9":{"name":"(anonymous_9)","decl":{"start":{"line":107,"column":33},"end":{"line":107,"column":34}},"loc":{"start":{"line":108,"column":24},"end":{"line":108,"column":null}},"line":108}},"branchMap":{"0":{"loc":{"start":{"line":16,"column":8},"end":{"line":16,"column":null}},"type":"if","locations":[{"start":{"line":16,"column":8},"end":{"line":16,"column":null}},{"start":{},"end":{}}],"line":16},"1":{"loc":{"start":{"line":25,"column":15},"end":{"line":25,"column":null}},"type":"binary-expr","locations":[{"start":{"line":25,"column":15},"end":{"line":25,"column":29}},{"start":{"line":25,"column":29},"end":{"line":25,"column":null}}],"line":25},"2":{"loc":{"start":{"line":39,"column":8},"end":{"line":43,"column":null}},"type":"if","locations":[{"start":{"line":39,"column":8},"end":{"line":43,"column":null}},{"start":{},"end":{}}],"line":39},"3":{"loc":{"start":{"line":45,"column":8},"end":{"line":50,"column":null}},"type":"if","locations":[{"start":{"line":45,"column":8},"end":{"line":50,"column":null}},{"start":{},"end":{}}],"line":45},"4":{"loc":{"start":{"line":60,"column":24},"end":{"line":60,"column":null}},"type":"if","locations":[{"start":{"line":60,"column":24},"end":{"line":60,"column":null}},{"start":{},"end":{}}],"line":60},"5":{"loc":{"start":{"line":93,"column":54},"end":{"line":93,"column":85}},"type":"binary-expr","locations":[{"start":{"line":93,"column":54},"end":{"line":93,"column":79}},{"start":{"line":93,"column":79},"end":{"line":93,"column":85}}],"line":93},"6":{"loc":{"start":{"line":97,"column":13},"end":{"line":97,"column":null}},"type":"binary-expr","locations":[{"start":{"line":97,"column":13},"end":{"line":97,"column":22}},{"start":{"line":97,"column":22},"end":{"line":97,"column":null}}],"line":97},"7":{"loc":{"start":{"line":99,"column":13},"end":{"line":115,"column":null}},"type":"cond-expr","locations":[{"start":{"line":100,"column":16},"end":{"line":104,"column":null}},{"start":{"line":105,"column":16},"end":{"line":115,"column":null}}],"line":99},"8":{"loc":{"start":{"line":105,"column":16},"end":{"line":115,"column":null}},"type":"cond-expr","locations":[{"start":{"line":106,"column":16},"end":{"line":110,"column":null}},{"start":{"line":112,"column":16},"end":{"line":115,"column":null}}],"line":105}},"s":{"0":1,"1":11,"2":11,"3":11,"4":11,"5":11,"6":26,"7":26,"8":5,"9":21,"10":30,"11":21,"12":30,"13":21,"14":11,"15":10,"16":10,"17":11,"18":6,"19":6,"20":6,"21":6,"22":1,"23":1,"24":1,"25":5,"26":1,"27":1,"28":1,"29":1,"30":4,"31":4,"32":4,"33":6,"34":6,"35":6,"36":1,"37":2,"38":3,"39":4,"40":0,"41":0,"42":4,"43":11,"44":6,"45":11,"46":24,"47":1},"f":{"0":11,"1":26,"2":30,"3":30,"4":10,"5":6,"6":6,"7":6,"8":24,"9":1},"b":{"0":[5,21],"1":[10,2],"2":[1,5],"3":[1,4],"4":[1,5],"5":[11,2],"6":[11,1],"7":[6,4],"8":[1,3]},"meta":{"lastBranch":9,"lastFunction":10,"lastStatement":48,"seen":{"s:8:23:119:Infinity":0,"f:8:23:8:29":0,"s:9:30:9:Infinity":1,"s:10:30:10:Infinity":2,"s:11:26:11:Infinity":3,"s:12:20:12:Infinity":4,"s:14:35:21:Infinity":5,"f:14:35:14:41":1,"s:15:20:15:Infinity":6,"b:16:8:16:Infinity:undefined:undefined:undefined:undefined":0,"s:16:8:16:Infinity":7,"s:16:18:16:Infinity":8,"s:18:20:18:Infinity":9,"f:18:39:18:40":2,"s:18:47:18:56":10,"s:19:30:19:Infinity":11,"f:19:41:19:42":3,"s:19:52:19:73":12,"s:20:8:20:Infinity":13,"s:23:31:26:Infinity":14,"f:23:31:23:32":4,"s:24:20:24:Infinity":15,"s:25:8:25:Infinity":16,"b:25:15:25:29:25:29:25:Infinity":1,"s:34:31:75:Infinity":17,"f:34:31:34:43":5,"s:35:8:35:Infinity":18,"s:36:8:36:Infinity":19,"s:38:20:38:Infinity":20,"b:39:8:43:Infinity:undefined:undefined:undefined:undefined":2,"s:39:8:43:Infinity":21,"s:40:12:40:Infinity":22,"s:41:12:41:Infinity":23,"s:42:12:42:Infinity":24,"b:45:8:50:Infinity:undefined:undefined:undefined:undefined":3,"s:45:8:50:Infinity":25,"s:46:12:46:Infinity":26,"s:47:12:47:Infinity":27,"s:48:12:48:Infinity":28,"s:49:12:49:Infinity":29,"s:52:8:74:Infinity":30,"s:53:30:53:Infinity":31,"s:54:27:66:Infinity":32,"f:55:30:55:37":6,"s:56:20:64:Infinity":33,"s:57:36:59:Infinity":34,"b:60:24:60:Infinity:undefined:undefined:undefined:undefined":4,"s:60:24:60:Infinity":35,"s:60:37:60:Infinity":36,"s:61:24:61:Infinity":37,"s:63:24:63:Infinity":38,"s:68:12:68:Infinity":39,"s:70:12:70:Infinity":40,"s:71:12:71:Infinity":41,"s:73:12:73:Infinity":42,"s:77:4:79:Infinity":43,"f:77:14:77:20":7,"s:78:8:78:Infinity":44,"s:81:4:117:Infinity":45,"b:93:54:93:79:93:79:93:85":5,"b:97:13:97:22:97:22:97:Infinity":6,"b:100:16:104:Infinity:105:16:115:Infinity":7,"f:101:39:101:40":8,"s:102:24:102:Infinity":46,"b:106:16:110:Infinity:112:16:115:Infinity":8,"f:107:33:107:34":9,"s:108:24:108:Infinity":47}}}
}
