{"/Users/admin/AllRecipes/src/pages/Recipe.css": {"path":"/Users/admin/AllRecipes/src/pages/Recipe.css","statementMap":{},"fnMap":{},"branchMap":{},"s":{},"f":{},"b":{},"meta":{"lastBranch":0,"lastFunction":0,"lastStatement":0,"seen":{}}}
,"/Users/admin/AllRecipes/src/pages/Recipe.jsx": {"path":"/Users/admin/AllRecipes/src/pages/Recipe.jsx","statementMap":{"0":{"start":{"line":10,"column":15},"end":{"line":247,"column":null}},"1":{"start":{"line":12,"column":30},"end":{"line":12,"column":null}},"2":{"start":{"line":13,"column":28},"end":{"line":13,"column":null}},"3":{"start":{"line":14,"column":24},"end":{"line":14,"column":null}},"4":{"start":{"line":15,"column":10},"end":{"line":15,"column":null}},"5":{"start":{"line":17,"column":20},"end":{"line":17,"column":null}},"6":{"start":{"line":19,"column":32},"end":{"line":34,"column":null}},"7":{"start":{"line":21,"column":8},"end":{"line":33,"column":null}},"8":{"start":{"line":22,"column":29},"end":{"line":22,"column":null}},"9":{"start":{"line":23,"column":12},"end":{"line":28,"column":null}},"10":{"start":{"line":24,"column":35},"end":{"line":24,"column":null}},"11":{"start":{"line":25,"column":16},"end":{"line":27,"column":null}},"12":{"start":{"line":26,"column":20},"end":{"line":26,"column":null}},"13":{"start":{"line":29,"column":12},"end":{"line":29,"column":null}},"14":{"start":{"line":31,"column":12},"end":{"line":31,"column":null}},"15":{"start":{"line":32,"column":12},"end":{"line":32,"column":null}},"16":{"start":{"line":36,"column":25},"end":{"line":61,"column":null}},"17":{"start":{"line":37,"column":8},"end":{"line":40,"column":null}},"18":{"start":{"line":38,"column":12},"end":{"line":38,"column":null}},"19":{"start":{"line":39,"column":12},"end":{"line":39,"column":null}},"20":{"start":{"line":42,"column":8},"end":{"line":60,"column":null}},"21":{"start":{"line":43,"column":29},"end":{"line":43,"column":null}},"22":{"start":{"line":44,"column":12},"end":{"line":48,"column":null}},"23":{"start":{"line":45,"column":16},"end":{"line":45,"column":null}},"24":{"start":{"line":46,"column":16},"end":{"line":46,"column":null}},"25":{"start":{"line":47,"column":16},"end":{"line":47,"column":null}},"26":{"start":{"line":50,"column":12},"end":{"line":53,"column":null}},"27":{"start":{"line":51,"column":16},"end":{"line":51,"column":null}},"28":{"start":{"line":52,"column":16},"end":{"line":52,"column":null}},"29":{"start":{"line":55,"column":32},"end":{"line":55,"column":null}},"30":{"start":{"line":56,"column":12},"end":{"line":56,"column":null}},"31":{"start":{"line":57,"column":12},"end":{"line":57,"column":null}},"32":{"start":{"line":59,"column":12},"end":{"line":59,"column":null}},"33":{"start":{"line":63,"column":4},"end":{"line":92,"column":null}},"34":{"start":{"line":64,"column":25},"end":{"line":64,"column":null}},"35":{"start":{"line":65,"column":8},"end":{"line":65,"column":null}},"36":{"start":{"line":67,"column":8},"end":{"line":69,"column":null}},"37":{"start":{"line":68,"column":12},"end":{"line":68,"column":null}},"38":{"start":{"line":71,"column":8},"end":{"line":71,"column":null}},"39":{"start":{"line":72,"column":8},"end":{"line":72,"column":null}},"40":{"start":{"line":74,"column":8},"end":{"line":74,"column":null}},"41":{"start":{"line":76,"column":28},"end":{"line":76,"column":null}},"42":{"start":{"line":77,"column":8},"end":{"line":77,"column":null}},"43":{"start":{"line":79,"column":36},"end":{"line":82,"column":null}},"44":{"start":{"line":80,"column":32},"end":{"line":80,"column":null}},"45":{"start":{"line":81,"column":12},"end":{"line":81,"column":null}},"46":{"start":{"line":84,"column":25},"end":{"line":84,"column":null}},"47":{"start":{"line":86,"column":8},"end":{"line":86,"column":null}},"48":{"start":{"line":88,"column":8},"end":{"line":91,"column":null}},"49":{"start":{"line":89,"column":12},"end":{"line":89,"column":null}},"50":{"start":{"line":90,"column":12},"end":{"line":90,"column":null}},"51":{"start":{"line":96,"column":0},"end":{"line":111,"column":null}},"52":{"start":{"line":97,"column":4},"end":{"line":97,"column":null}},"53":{"start":{"line":97,"column":18},"end":{"line":97,"column":null}},"54":{"start":{"line":99,"column":19},"end":{"line":99,"column":null}},"55":{"start":{"line":101,"column":20},"end":{"line":108,"column":null}},"56":{"start":{"line":107,"column":37},"end":{"line":107,"column":61}},"57":{"start":{"line":110,"column":4},"end":{"line":110,"column":null}},"58":{"start":{"line":114,"column":24},"end":{"line":116,"column":null}},"59":{"start":{"line":115,"column":8},"end":{"line":115,"column":null}},"60":{"start":{"line":118,"column":4},"end":{"line":151,"column":null}},"61":{"start":{"line":119,"column":8},"end":{"line":149,"column":null}},"62":{"start":{"line":153,"column":4},"end":{"line":245,"column":null}},"63":{"start":{"line":178,"column":43},"end":{"line":178,"column":null}},"64":{"start":{"line":184,"column":43},"end":{"line":184,"column":null}},"65":{"start":{"line":190,"column":43},"end":{"line":190,"column":null}},"66":{"start":{"line":209,"column":32},"end":{"line":214,"column":null}},"67":{"start":{"line":222,"column":36},"end":{"line":228,"column":null}}},"fnMap":{"0":{"name":"(anonymous_0)","decl":{"start":{"line":10,"column":15},"end":{"line":10,"column":21}},"loc":{"start":{"line":10,"column":21},"end":{"line":247,"column":null}},"line":10},"1":{"name":"(anonymous_1)","decl":{"start":{"line":19,"column":32},"end":{"line":19,"column":38}},"loc":{"start":{"line":19,"column":38},"end":{"line":34,"column":null}},"line":19},"2":{"name":"(anonymous_2)","decl":{"start":{"line":36,"column":25},"end":{"line":36,"column":37}},"loc":{"start":{"line":36,"column":37},"end":{"line":61,"column":null}},"line":36},"3":{"name":"(anonymous_3)","decl":{"start":{"line":63,"column":14},"end":{"line":63,"column":20}},"loc":{"start":{"line":63,"column":20},"end":{"line":92,"column":7}},"line":63},"4":{"name":"(anonymous_4)","decl":{"start":{"line":79,"column":36},"end":{"line":79,"column":42}},"loc":{"start":{"line":79,"column":42},"end":{"line":82,"column":null}},"line":79},"5":{"name":"(anonymous_5)","decl":{"start":{"line":88,"column":15},"end":{"line":88,"column":21}},"loc":{"start":{"line":88,"column":21},"end":{"line":91,"column":null}},"line":88},"6":{"name":"(anonymous_6)","decl":{"start":{"line":96,"column":10},"end":{"line":96,"column":16}},"loc":{"start":{"line":96,"column":16},"end":{"line":111,"column":3}},"line":96},"7":{"name":"(anonymous_7)","decl":{"start":{"line":107,"column":25},"end":{"line":107,"column":26}},"loc":{"start":{"line":107,"column":37},"end":{"line":107,"column":61}},"line":107},"8":{"name":"(anonymous_8)","decl":{"start":{"line":114,"column":24},"end":{"line":114,"column":25}},"loc":{"start":{"line":114,"column":36},"end":{"line":116,"column":null}},"line":114},"9":{"name":"(anonymous_9)","decl":{"start":{"line":178,"column":37},"end":{"line":178,"column":43}},"loc":{"start":{"line":178,"column":43},"end":{"line":178,"column":null}},"line":178},"10":{"name":"(anonymous_10)","decl":{"start":{"line":184,"column":37},"end":{"line":184,"column":43}},"loc":{"start":{"line":184,"column":43},"end":{"line":184,"column":null}},"line":184},"11":{"name":"(anonymous_11)","decl":{"start":{"line":190,"column":37},"end":{"line":190,"column":43}},"loc":{"start":{"line":190,"column":43},"end":{"line":190,"column":null}},"line":190},"12":{"name":"(anonymous_12)","decl":{"start":{"line":208,"column":62},"end":{"line":208,"column":63}},"loc":{"start":{"line":209,"column":32},"end":{"line":214,"column":null}},"line":209},"13":{"name":"(anonymous_13)","decl":{"start":{"line":221,"column":80},"end":{"line":221,"column":81}},"loc":{"start":{"line":222,"column":36},"end":{"line":228,"column":null}},"line":222}},"branchMap":{"0":{"loc":{"start":{"line":23,"column":12},"end":{"line":28,"column":null}},"type":"if","locations":[{"start":{"line":23,"column":12},"end":{"line":28,"column":null}},{"start":{},"end":{}}],"line":23},"1":{"loc":{"start":{"line":25,"column":16},"end":{"line":27,"column":null}},"type":"if","locations":[{"start":{"line":25,"column":16},"end":{"line":27,"column":null}},{"start":{},"end":{}}],"line":25},"2":{"loc":{"start":{"line":37,"column":8},"end":{"line":40,"column":null}},"type":"if","locations":[{"start":{"line":37,"column":8},"end":{"line":40,"column":null}},{"start":{},"end":{}}],"line":37},"3":{"loc":{"start":{"line":44,"column":12},"end":{"line":48,"column":null}},"type":"if","locations":[{"start":{"line":44,"column":12},"end":{"line":48,"column":null}},{"start":{},"end":{}}],"line":44},"4":{"loc":{"start":{"line":50,"column":12},"end":{"line":53,"column":null}},"type":"if","locations":[{"start":{"line":50,"column":12},"end":{"line":53,"column":null}},{"start":{},"end":{}}],"line":50},"5":{"loc":{"start":{"line":64,"column":25},"end":{"line":64,"column":null}},"type":"binary-expr","locations":[{"start":{"line":64,"column":25},"end":{"line":64,"column":67}},{"start":{"line":64,"column":67},"end":{"line":64,"column":null}}],"line":64},"6":{"loc":{"start":{"line":67,"column":8},"end":{"line":69,"column":null}},"type":"if","locations":[{"start":{"line":67,"column":8},"end":{"line":69,"column":null}},{"start":{},"end":{}}],"line":67},"7":{"loc":{"start":{"line":97,"column":4},"end":{"line":97,"column":null}},"type":"if","locations":[{"start":{"line":97,"column":4},"end":{"line":97,"column":null}},{"start":{},"end":{}}],"line":97},"8":{"loc":{"start":{"line":99,"column":30},"end":{"line":99,"column":75}},"type":"binary-expr","locations":[{"start":{"line":99,"column":30},"end":{"line":99,"column":71}},{"start":{"line":99,"column":71},"end":{"line":99,"column":75}}],"line":99},"9":{"loc":{"start":{"line":118,"column":4},"end":{"line":151,"column":null}},"type":"if","locations":[{"start":{"line":118,"column":4},"end":{"line":151,"column":null}},{"start":{},"end":{}}],"line":118},"10":{"loc":{"start":{"line":163,"column":37},"end":{"line":163,"column":null}},"type":"binary-expr","locations":[{"start":{"line":163,"column":37},"end":{"line":163,"column":81}},{"start":{"line":163,"column":81},"end":{"line":163,"column":null}}],"line":163},"11":{"loc":{"start":{"line":179,"column":38},"end":{"line":179,"column":74}},"type":"cond-expr","locations":[{"start":{"line":179,"column":61},"end":{"line":179,"column":68}},{"start":{"line":179,"column":68},"end":{"line":179,"column":74}}],"line":179},"12":{"loc":{"start":{"line":185,"column":38},"end":{"line":185,"column":78}},"type":"cond-expr","locations":[{"start":{"line":185,"column":65},"end":{"line":185,"column":72}},{"start":{"line":185,"column":72},"end":{"line":185,"column":78}}],"line":185},"13":{"loc":{"start":{"line":191,"column":38},"end":{"line":191,"column":72}},"type":"cond-expr","locations":[{"start":{"line":191,"column":59},"end":{"line":191,"column":66}},{"start":{"line":191,"column":66},"end":{"line":191,"column":72}}],"line":191},"14":{"loc":{"start":{"line":195,"column":21},"end":{"line":205,"column":null}},"type":"binary-expr","locations":[{"start":{"line":195,"column":21},"end":{"line":195,"column":null}},{"start":{"line":196,"column":24},"end":{"line":205,"column":null}}],"line":195},"15":{"loc":{"start":{"line":207,"column":21},"end":{"line":215,"column":null}},"type":"binary-expr","locations":[{"start":{"line":207,"column":21},"end":{"line":207,"column":null}},{"start":{"line":208,"column":28},"end":{"line":215,"column":null}}],"line":207},"16":{"loc":{"start":{"line":218,"column":24},"end":{"line":230,"column":null}},"type":"binary-expr","locations":[{"start":{"line":218,"column":24},"end":{"line":218,"column":null}},{"start":{"line":219,"column":28},"end":{"line":230,"column":null}}],"line":218},"17":{"loc":{"start":{"line":225,"column":41},"end":{"line":226,"column":null}},"type":"binary-expr","locations":[{"start":{"line":225,"column":41},"end":{"line":225,"column":null}},{"start":{"line":226,"column":44},"end":{"line":226,"column":null}}],"line":225}},"s":{"0":1,"1":29,"2":29,"3":29,"4":29,"5":29,"6":29,"7":14,"8":14,"9":14,"10":2,"11":2,"12":1,"13":12,"14":1,"15":1,"16":29,"17":14,"18":0,"19":0,"20":14,"21":14,"22":12,"23":1,"24":1,"25":1,"26":11,"27":1,"28":1,"29":10,"30":10,"31":10,"32":1,"33":29,"34":14,"35":14,"36":14,"37":0,"38":14,"39":14,"40":14,"41":14,"42":14,"43":14,"44":0,"45":0,"46":14,"47":14,"48":14,"49":14,"50":14,"51":29,"52":25,"53":14,"54":11,"55":25,"56":12,"57":25,"58":29,"59":2,"60":29,"61":15,"62":14,"63":0,"64":1,"65":1,"66":1,"67":1},"f":{"0":29,"1":14,"2":14,"3":14,"4":0,"5":14,"6":25,"7":12,"8":2,"9":0,"10":1,"11":1,"12":1,"13":1},"b":{"0":[2,12],"1":[1,1],"2":[0,14],"3":[1,11],"4":[1,10],"5":[14,12],"6":[0,14],"7":[14,11],"8":[11,9],"9":[15,14],"10":[29,0],"11":[12,2],"12":[1,13],"13":[1,13],"14":[29,12],"15":[29,1],"16":[29,1],"17":[1,0]},"meta":{"lastBranch":18,"lastFunction":14,"lastStatement":68,"seen":{"s:10:15:247:Infinity":0,"f:10:15:10:21":0,"s:12:30:12:Infinity":1,"s:13:28:13:Infinity":2,"s:14:24:14:Infinity":3,"s:15:10:15:Infinity":4,"s:17:20:17:Infinity":5,"s:19:32:34:Infinity":6,"f:19:32:19:38":1,"s:21:8:33:Infinity":7,"s:22:29:22:Infinity":8,"b:23:12:28:Infinity:undefined:undefined:undefined:undefined":0,"s:23:12:28:Infinity":9,"s:24:35:24:Infinity":10,"b:25:16:27:Infinity:undefined:undefined:undefined:undefined":1,"s:25:16:27:Infinity":11,"s:26:20:26:Infinity":12,"s:29:12:29:Infinity":13,"s:31:12:31:Infinity":14,"s:32:12:32:Infinity":15,"s:36:25:61:Infinity":16,"f:36:25:36:37":2,"b:37:8:40:Infinity:undefined:undefined:undefined:undefined":2,"s:37:8:40:Infinity":17,"s:38:12:38:Infinity":18,"s:39:12:39:Infinity":19,"s:42:8:60:Infinity":20,"s:43:29:43:Infinity":21,"b:44:12:48:Infinity:undefined:undefined:undefined:undefined":3,"s:44:12:48:Infinity":22,"s:45:16:45:Infinity":23,"s:46:16:46:Infinity":24,"s:47:16:47:Infinity":25,"b:50:12:53:Infinity:undefined:undefined:undefined:undefined":4,"s:50:12:53:Infinity":26,"s:51:16:51:Infinity":27,"s:52:16:52:Infinity":28,"s:55:32:55:Infinity":29,"s:56:12:56:Infinity":30,"s:57:12:57:Infinity":31,"s:59:12:59:Infinity":32,"s:63:4:92:Infinity":33,"f:63:14:63:20":3,"s:64:25:64:Infinity":34,"b:64:25:64:67:64:67:64:Infinity":5,"s:65:8:65:Infinity":35,"b:67:8:69:Infinity:undefined:undefined:undefined:undefined":6,"s:67:8:69:Infinity":36,"s:68:12:68:Infinity":37,"s:71:8:71:Infinity":38,"s:72:8:72:Infinity":39,"s:74:8:74:Infinity":40,"s:76:28:76:Infinity":41,"s:77:8:77:Infinity":42,"s:79:36:82:Infinity":43,"f:79:36:79:42":4,"s:80:32:80:Infinity":44,"s:81:12:81:Infinity":45,"s:84:25:84:Infinity":46,"s:86:8:86:Infinity":47,"s:88:8:91:Infinity":48,"f:88:15:88:21":5,"s:89:12:89:Infinity":49,"s:90:12:90:Infinity":50,"s:96:0:111:Infinity":51,"f:96:10:96:16":6,"b:97:4:97:Infinity:undefined:undefined:undefined:undefined":7,"s:97:4:97:Infinity":52,"s:97:18:97:Infinity":53,"s:99:19:99:Infinity":54,"b:99:30:99:71:99:71:99:75":8,"s:101:20:108:Infinity":55,"f:107:25:107:26":7,"s:107:37:107:61":56,"s:110:4:110:Infinity":57,"s:114:24:116:Infinity":58,"f:114:24:114:25":8,"s:115:8:115:Infinity":59,"b:118:4:151:Infinity:undefined:undefined:undefined:undefined":9,"s:118:4:151:Infinity":60,"s:119:8:149:Infinity":61,"s:153:4:245:Infinity":62,"b:163:37:163:81:163:81:163:Infinity":10,"f:178:37:178:43":9,"s:178:43:178:Infinity":63,"b:179:61:179:68:179:68:179:74":11,"f:184:37:184:43":10,"s:184:43:184:Infinity":64,"b:185:65:185:72:185:72:185:78":12,"f:190:37:190:43":11,"s:190:43:190:Infinity":65,"b:191:59:191:66:191:66:191:72":13,"b:195:21:195:Infinity:196:24:205:Infinity":14,"b:207:21:207:Infinity:208:28:215:Infinity":15,"f:208:62:208:63":12,"s:209:32:214:Infinity":66,"b:218:24:218:Infinity:219:28:230:Infinity":16,"f:221:80:221:81":13,"s:222:36:228:Infinity":67,"b:225:41:225:Infinity:226:44:226:Infinity":17}}}
}
